<?xml version="1.0" encoding="UTF-8"?>
<!-- Generated by org.testng.reporters.JUnitReportReporter -->
<testsuite hostname="DESKTOP-96TQQ8T" failures="0" tests="1" name="com.Maven.practiceTest.PracticeTest" time="0.011" errors="0" timestamp="2022-07-18T22:31:19 IST" skipped="0">
  <testcase classname="com.Maven.practiceTest.PracticeTest" name="PracticeTest" time="0.011"/>
  <system-out/>
</testsuite> <!-- com.Maven.practiceTest.PracticeTest -->
