<?xml version="1.0" encoding="UTF-8"?>
<!-- Generated by org.testng.reporters.JUnitReportReporter -->
<testsuite hostname="DESKTOP-96TQQ8T" failures="0" tests="1" name="com.Practice.create.PracticeTest1" time="0.009" errors="0" timestamp="2022-07-18T15:31:16 IST" skipped="0">
  <testcase classname="com.Practice.create.PracticeTest1" name="sample" time="0.009"/>
  <system-out>
    <![CDATA[hi..how are you]]>
  </system-out>
</testsuite> <!-- com.Practice.create.PracticeTest1 -->
