<?xml version="1.0" encoding="UTF-8"?>
<!-- Generated by org.testng.reporters.JUnitReportReporter -->
<testsuite hostname="DESKTOP-96TQQ8T" failures="0" tests="1" name="com.Maven.practiceTest.PracticeTest1" time="0.009" errors="0" timestamp="2022-07-18T22:45:02 IST" skipped="0">
  <testcase classname="com.Maven.practiceTest.PracticeTest1" name="PracticeTest" time="0.009"/>
  <system-out/>
</testsuite> <!-- com.Maven.practiceTest.PracticeTest1 -->
