<?xml version="1.0" encoding="UTF-8"?>
<!-- Generated by org.testng.reporters.JUnitReportReporter -->
<testsuite hostname="DESKTOP-96TQQ8T" failures="0" tests="1" name="com.Practice.create.PracticeTest" time="0.011" errors="0" timestamp="2022-07-18T14:59:05 IST" skipped="0">
  <testcase classname="com.Practice.create.PracticeTest" name="demo" time="0.011"/>
  <system-out>
    <![CDATA[Hello World]]>
  </system-out>
</testsuite> <!-- com.Practice.create.PracticeTest -->
